<?xml version="1.0" encoding="UTF-8"?>
<!-- Generated by org.testng.reporters.JUnitXMLReporter -->
<testsuite ignored="0" hostname="DESKTOP-SK98M2H" failures="0" tests="4" name="Test" time="45.487" errors="0" timestamp="2022-07-02T13:46:33 NZST">
  <testcase classname="SaravanaFramework.ValidateNavigationBar" name="basePageNavigation" time="2.051"/>
  <testcase classname="SaravanaFramework.HomePage" name="basePageNavigation" time="13.584"/>
  <testcase classname="SaravanaFramework.HomePage" name="basePageNavigation" time="13.926"/>
  <testcase classname="SaravanaFramework.ValidateTitle" name="basePageNavigation" time="2.027"/>
</testsuite> <!-- Test -->
