<?xml version="1.0" encoding="UTF-8"?>
<!-- Generated by org.testng.reporters.JUnitXMLReporter -->
<testsuite ignored="0" hostname="DESKTOP-SK98M2H" failures="0" tests="4" name="Test" time="43.757" errors="0" timestamp="2022-07-02T13:54:06 NZST">
  <testcase classname="SaravanaFramework.ValidateNavigationBar" name="basePageNavigation" time="2.054"/>
  <testcase classname="SaravanaFramework.HomePage" name="basePageNavigation" time="13.066"/>
  <testcase classname="SaravanaFramework.HomePage" name="basePageNavigation" time="12.906"/>
  <testcase classname="SaravanaFramework.ValidateTitle" name="basePageNavigation" time="2.032"/>
</testsuite> <!-- Test -->
