<?xml version="1.0" encoding="UTF-8"?>
<testsuite xmlns:xsi="http://www.w3.org/2001/XMLSchema-instance" xsi:noNamespaceSchemaLocation="https://maven.apache.org/surefire/maven-surefire-plugin/xsd/surefire-test-report-3.0.xsd" version="3.0" name="TestSuite" time="38.149" tests="5" errors="0" skipped="0" failures="0">
  <properties>
[...]
</properties>
  <testcase name="runScenario[&quot;Verify navigate to Payees page using the navigation menu works&quot;, &quot;Demo BNZ Portal Page Feature&quot;](1)" classname="CucumberOptions.TestRunner" time="5.718">
    <system-out><![CDATA[
Scenario Outline: Verify navigate to Payees page using the navigation menu works &amp#27;[90m# src/test/java/feature/PortalNavigation.feature:3&amp#27;[0m
  &amp#27;[32mGiven &amp#27;[0m&amp#27;[32mDemoBNZ Webpage is opened&amp#27;[0m                                                &amp#27;[90m# stepDefinitions.stepDefintion.demo_bnz_webpage_is_opened()&amp#27;[0m
  &amp#27;[32mWhen &amp#27;[0m&amp#27;[32mI Select Payees from Menu&amp#27;[0m                                                 &amp#27;[90m# stepDefinitions.stepDefintion.i_select_payees_from_menu()&amp#27;[0m
  &amp#27;[32mThen &amp#27;[0m&amp#27;[32mPayee page should be loaded&amp#27;[0m                                               &amp#27;[90m# stepDefinitions.stepDefintion.payee_page_should_be_loaded()&amp#27;[0m
  &amp#27;[32mAnd &amp#27;[0m&amp#27;[32mClose the Browser&amp#27;[0m                                                          &amp#27;[90m# stepDefinitions.stepDefintion.close_the_browser()&amp#27;[0m
]]></system-out>
    <system-err><![CDATA[SLF4J: Failed to load class "org.slf4j.impl.StaticLoggerBinder".
SLF4J: Defaulting to no-operation (NOP) logger implementation
SLF4J: See http://www.slf4j.org/codes.html#StaticLoggerBinder for further details.
Starting ChromeDriver 103.0.5060.134 (8ec6fce403b3feb0869b0732eda8bd95011d333c-refs/branch-heads/5060@{#1262}) on port 49606
Only local connections are allowed.
Please see https://chromedriver.chromium.org/security-considerations for suggestions on keeping ChromeDriver safe.
ChromeDriver was started successfully.
Jul 31, 2022 4:46:37 PM org.openqa.selenium.remote.ProtocolHandshake createSession
INFO: Detected upstream dialect: W3C
Jul 31, 2022 4:46:37 PM org.openqa.selenium.devtools.CdpVersionFinder findNearestMatch
INFO: Found exact CDP implementation for version 103
]]></system-err>
  </testcase>
  <testcase name="runScenario[&quot;Verify Payee can be added&quot;, &quot;Demo BNZ Portal Page Feature&quot;](2)" classname="CucumberOptions.TestRunner" time="7.74">
    <system-out><![CDATA[
Scenario Outline: Verify Payee can be added &amp#27;[90m# src/test/java/feature/PortalNavigation.feature:9&amp#27;[0m
  &amp#27;[32mGiven &amp#27;[0m&amp#27;[32mDemoBNZ Webpage is opened&amp#27;[0m           &amp#27;[90m# stepDefinitions.stepDefintion.demo_bnz_webpage_is_opened()&amp#27;[0m
  &amp#27;[32mAnd &amp#27;[0m&amp#27;[32mI Select Payees from Menu&amp#27;[0m             &amp#27;[90m# stepDefinitions.stepDefintion.i_select_payees_from_menu()&amp#27;[0m
  &amp#27;[32mWhen &amp#27;[0m&amp#27;[32mI Add Payee details&amp#27;[0m                  &amp#27;[90m# stepDefinitions.stepDefintion.i_add_payee_details()&amp#27;[0m
  &amp#27;[32mThen &amp#27;[0m&amp#27;[32mPayee should get added&amp#27;[0m               &amp#27;[90m# stepDefinitions.stepDefintion.payee_should_get_added()&amp#27;[0m
  &amp#27;[32mAnd &amp#27;[0m&amp#27;[32mClose the Browser&amp#27;[0m                     &amp#27;[90m# stepDefinitions.stepDefintion.close_the_browser()&amp#27;[0m
]]></system-out>
    <system-err><![CDATA[Starting ChromeDriver 103.0.5060.134 (8ec6fce403b3feb0869b0732eda8bd95011d333c-refs/branch-heads/5060@{#1262}) on port 54990
Only local connections are allowed.
Please see https://chromedriver.chromium.org/security-considerations for suggestions on keeping ChromeDriver safe.
ChromeDriver was started successfully.
Jul 31, 2022 4:46:42 PM org.openqa.selenium.remote.ProtocolHandshake createSession
INFO: Detected upstream dialect: W3C
Jul 31, 2022 4:46:42 PM org.openqa.selenium.devtools.CdpVersionFinder findNearestMatch
INFO: Found exact CDP implementation for version 103
]]></system-err>
  </testcase>
  <testcase name="runScenario[&quot;Verify Payee name is required field&quot;, &quot;Demo BNZ Portal Page Feature&quot;](3)" classname="CucumberOptions.TestRunner" time="9.749">
    <system-out><![CDATA[
Scenario Outline: Verify Payee name is required field    &amp#27;[90m# src/test/java/feature/PortalNavigation.feature:16&amp#27;[0m
  &amp#27;[32mGiven &amp#27;[0m&amp#27;[32mDemoBNZ Webpage is opened&amp#27;[0m                        &amp#27;[90m# stepDefinitions.stepDefintion.demo_bnz_webpage_is_opened()&amp#27;[0m
  &amp#27;[32mAnd &amp#27;[0m&amp#27;[32mI Select Payees from Menu&amp#27;[0m                          &amp#27;[90m# stepDefinitions.stepDefintion.i_select_payees_from_menu()&amp#27;[0m
  &amp#27;[32mWhen &amp#27;[0m&amp#27;[32mI Add Payee details with No values entered&amp#27;[0m        &amp#27;[90m# stepDefinitions.stepDefintion.i_add_payee_details_with_no_values_entered()&amp#27;[0m
  &amp#27;[32mThen &amp#27;[0m&amp#27;[32mValidation error message displayed for Payee Name&amp#27;[0m &amp#27;[90m# stepDefinitions.stepDefintion.validation_error_message_displayed_for_payee_name()&amp#27;[0m
  &amp#27;[32mWhen &amp#27;[0m&amp#27;[32mI Add Payee details with mandatory fields entered&amp#27;[0m &amp#27;[90m# stepDefinitions.stepDefintion.i_add_payee_details_with_mandatory_fields_entered()&amp#27;[0m
  &amp#27;[32mThen &amp#27;[0m&amp#27;[32mValidation error message is not displayed&amp#27;[0m         &amp#27;[90m# stepDefinitions.stepDefintion.validation_error_message_is_not_displayed()&amp#27;[0m
  &amp#27;[32mAnd &amp#27;[0m&amp#27;[32mClose the Browser&amp#27;[0m                                  &amp#27;[90m# stepDefinitions.stepDefintion.close_the_browser()&amp#27;[0m
]]></system-out>
    <system-err><![CDATA[Starting ChromeDriver 103.0.5060.134 (8ec6fce403b3feb0869b0732eda8bd95011d333c-refs/branch-heads/5060@{#1262}) on port 51065
Only local connections are allowed.
Please see https://chromedriver.chromium.org/security-considerations for suggestions on keeping ChromeDriver safe.
ChromeDriver was started successfully.
Jul 31, 2022 4:46:49 PM org.openqa.selenium.remote.ProtocolHandshake createSession
INFO: Detected upstream dialect: W3C
Jul 31, 2022 4:46:49 PM org.openqa.selenium.devtools.CdpVersionFinder findNearestMatch
INFO: Found exact CDP implementation for version 103
]]></system-err>
  </testcase>
  <testcase name="runScenario[&quot;Verify Payee can be added and order by Ascending/Descending&quot;, &quot;Demo BNZ Portal Page Feature&quot;](4)" classname="CucumberOptions.TestRunner" time="6.505">
    <system-out><![CDATA[
Scenario Outline: Verify Payee can be added and order by Ascending/Descending &amp#27;[90m# src/test/java/feature/PortalNavigation.feature:25&amp#27;[0m
  &amp#27;[32mGiven &amp#27;[0m&amp#27;[32mDemoBNZ Webpage is opened&amp#27;[0m                                             &amp#27;[90m# stepDefinitions.stepDefintion.demo_bnz_webpage_is_opened()&amp#27;[0m
  &amp#27;[32mAnd &amp#27;[0m&amp#27;[32mI Select Payees from Menu&amp#27;[0m                                               &amp#27;[90m# stepDefinitions.stepDefintion.i_select_payees_from_menu()&amp#27;[0m
  &amp#27;[32mWhen &amp#27;[0m&amp#27;[32mI Add Payee details&amp#27;[0m                                                    &amp#27;[90m# stepDefinitions.stepDefintion.i_add_payee_details()&amp#27;[0m
  &amp#27;[32mThen &amp#27;[0m&amp#27;[32mPayee should get added&amp#27;[0m                                                 &amp#27;[90m# stepDefinitions.stepDefintion.payee_should_get_added()&amp#27;[0m
  &amp#27;[32mAnd &amp#27;[0m&amp#27;[32mPayees list should be displayed in &amp#27;[0m&amp#27;[32m&amp#27;[1m"ascending order"&amp#27;[0m                    &amp#27;[90m# stepDefinitions.stepDefintion.payees_list_should_be_displayed_in(java.lang.String)&amp#27;[0m
  &amp#27;[32mWhen &amp#27;[0m&amp#27;[32mI Click Name Header&amp#27;[0m                                                    &amp#27;[90m# stepDefinitions.stepDefintion.i_click_name_header()&amp#27;[0m
  &amp#27;[32mThen &amp#27;[0m&amp#27;[32mPayees list should be displayed in &amp#27;[0m&amp#27;[32m&amp#27;[1m"descending order"&amp#27;[0m                  &amp#27;[90m# stepDefinitions.stepDefintion.payees_list_should_be_displayed_in(java.lang.String)&amp#27;[0m
  &amp#27;[32mAnd &amp#27;[0m&amp#27;[32mClose the Browser&amp#27;[0m                                                       &amp#27;[90m# stepDefinitions.stepDefintion.close_the_browser()&amp#27;[0m
]]></system-out>
    <system-err><![CDATA[Starting ChromeDriver 103.0.5060.134 (8ec6fce403b3feb0869b0732eda8bd95011d333c-refs/branch-heads/5060@{#1262}) on port 63784
Only local connections are allowed.
Please see https://chromedriver.chromium.org/security-considerations for suggestions on keeping ChromeDriver safe.
ChromeDriver was started successfully.
Jul 31, 2022 4:46:59 PM org.openqa.selenium.remote.ProtocolHandshake createSession
INFO: Detected upstream dialect: W3C
Jul 31, 2022 4:46:59 PM org.openqa.selenium.devtools.CdpVersionFinder findNearestMatch
INFO: Found exact CDP implementation for version 103
]]></system-err>
  </testcase>
  <testcase name="runScenario[&quot;Verify Payment can be completed successfully&quot;, &quot;Demo BNZ Portal Page Feature&quot;](5)" classname="CucumberOptions.TestRunner" time="7.158">
    <system-out><![CDATA[
Scenario Outline: Verify Payment can be completed successfully          &amp#27;[90m# src/test/java/feature/PortalNavigation.feature:35&amp#27;[0m
  &amp#27;[32mGiven &amp#27;[0m&amp#27;[32mDemoBNZ Webpage is opened&amp#27;[0m                                       &amp#27;[90m# stepDefinitions.stepDefintion.demo_bnz_webpage_is_opened()&amp#27;[0m
  &amp#27;[32mAnd &amp#27;[0m&amp#27;[32mI Save current balance of Everyday and Bills Account&amp#27;[0m              &amp#27;[90m# stepDefinitions.stepDefintion.i_save_current_balance_of_everyday_and_bills_account()&amp#27;[0m
  &amp#27;[32mWhen &amp#27;[0m&amp#27;[32mI make &amp#27;[0m&amp#27;[32m&amp#27;[1m"$500.00"&amp#27;[0m&amp#27;[32m Payment Transfer from Everyday to Bills Account&amp#27;[0m &amp#27;[90m# stepDefinitions.stepDefintion.i_make_payment_transfer_from_everyday_to_bills_account(java.lang.String)&amp#27;[0m
  &amp#27;[32mThen &amp#27;[0m&amp#27;[32mTransfer should get completed successfully&amp#27;[0m                       &amp#27;[90m# stepDefinitions.stepDefintion.transfer_should_get_completed_successfully()&amp#27;[0m
  &amp#27;[32mAnd &amp#27;[0m&amp#27;[32mCurrent balance of Everyday and Bills Account should be correct&amp#27;[0m   &amp#27;[90m# stepDefinitions.stepDefintion.current_balance_of_everyday_and_bills_account_should_be_correct()&amp#27;[0m
  &amp#27;[32mAnd &amp#27;[0m&amp#27;[32mClose the Browser&amp#27;[0m                                                 &amp#27;[90m# stepDefinitions.stepDefintion.close_the_browser()&amp#27;[0m
]]></system-out>
    <system-err><![CDATA[Starting ChromeDriver 103.0.5060.134 (8ec6fce403b3feb0869b0732eda8bd95011d333c-refs/branch-heads/5060@{#1262}) on port 50942
Only local connections are allowed.
Please see https://chromedriver.chromium.org/security-considerations for suggestions on keeping ChromeDriver safe.
ChromeDriver was started successfully.
Jul 31, 2022 4:47:06 PM org.openqa.selenium.remote.ProtocolHandshake createSession
INFO: Detected upstream dialect: W3C
Jul 31, 2022 4:47:06 PM org.openqa.selenium.devtools.CdpVersionFinder findNearestMatch
INFO: Found exact CDP implementation for version 103
]]></system-err>
  </testcase>
</testsuite>