<?xml version="1.0" encoding="UTF-8"?>
<testng-results ignored="0" total="5" passed="5" failed="0" skipped="0">
  <reporter-output>
  </reporter-output>
  <suite started-at="2022-07-31T16:46:35 NZST" name="Suite" finished-at="2022-07-31T16:47:12 NZST" duration-ms="37395">
    <groups>
      <group name="cucumber">
        <method signature="AbstractTestNGCucumberTests.runScenario(io.cucumber.testng.PickleWrapper,io.cucumber.testng.FeatureWrapper)[pri:0, instance:CucumberOptions.TestRunner@4c163e3]" name="runScenario" class="io.cucumber.testng.AbstractTestNGCucumberTests"/>
      </group> <!-- cucumber -->
    </groups>
    <test started-at="2022-07-31T16:46:35 NZST" name="DemoBNZPortal" finished-at="2022-07-31T16:47:12 NZST" duration-ms="37395">
      <class name="CucumberOptions.TestRunner">
        <test-method is-config="true" signature="setUpClass(org.testng.ITestContext)[pri:0, instance:CucumberOptions.TestRunner@4c163e3]" started-at="2022-07-31T16:46:35 NZST" name="setUpClass" finished-at="2022-07-31T16:46:35 NZST" duration-ms="375" status="PASS">
          <params>
            <param index="0">
              <value>
                <![CDATA[org.testng.TestRunner@5af38a4a]]>
              </value>
            </param>
          </params>
          <reporter-output>
          </reporter-output>
        </test-method> <!-- setUpClass -->
        <test-method signature="runScenario(io.cucumber.testng.PickleWrapper,io.cucumber.testng.FeatureWrapper)[pri:0, instance:CucumberOptions.TestRunner@4c163e3]" started-at="2022-07-31T16:46:35 NZST" name="runScenario" description="Runs Cucumber Scenarios" data-provider="scenarios" finished-at="2022-07-31T16:46:41 NZST" duration-ms="5712" status="PASS">
          <params>
            <param index="0">
              <value>
                <![CDATA["Verify navigate to Payees page using the navigation menu works"]]>
              </value>
            </param>
            <param index="1">
              <value>
                <![CDATA["Demo BNZ Portal Page Feature"]]>
              </value>
            </param>
          </params>
          <reporter-output>
          </reporter-output>
        </test-method> <!-- runScenario -->
        <test-method signature="runScenario(io.cucumber.testng.PickleWrapper,io.cucumber.testng.FeatureWrapper)[pri:0, instance:CucumberOptions.TestRunner@4c163e3]" started-at="2022-07-31T16:46:41 NZST" name="runScenario" description="Runs Cucumber Scenarios" data-provider="scenarios" finished-at="2022-07-31T16:46:48 NZST" duration-ms="7741" status="PASS">
          <params>
            <param index="0">
              <value>
                <![CDATA["Verify Payee can be added"]]>
              </value>
            </param>
            <param index="1">
              <value>
                <![CDATA["Demo BNZ Portal Page Feature"]]>
              </value>
            </param>
          </params>
          <reporter-output>
          </reporter-output>
        </test-method> <!-- runScenario -->
        <test-method signature="runScenario(io.cucumber.testng.PickleWrapper,io.cucumber.testng.FeatureWrapper)[pri:0, instance:CucumberOptions.TestRunner@4c163e3]" started-at="2022-07-31T16:46:48 NZST" name="runScenario" description="Runs Cucumber Scenarios" data-provider="scenarios" finished-at="2022-07-31T16:46:58 NZST" duration-ms="9749" status="PASS">
          <params>
            <param index="0">
              <value>
                <![CDATA["Verify Payee name is required field"]]>
              </value>
            </param>
            <param index="1">
              <value>
                <![CDATA["Demo BNZ Portal Page Feature"]]>
              </value>
            </param>
          </params>
          <reporter-output>
          </reporter-output>
        </test-method> <!-- runScenario -->
        <test-method signature="runScenario(io.cucumber.testng.PickleWrapper,io.cucumber.testng.FeatureWrapper)[pri:0, instance:CucumberOptions.TestRunner@4c163e3]" started-at="2022-07-31T16:46:58 NZST" name="runScenario" description="Runs Cucumber Scenarios" data-provider="scenarios" finished-at="2022-07-31T16:47:05 NZST" duration-ms="6504" status="PASS">
          <params>
            <param index="0">
              <value>
                <![CDATA["Verify Payee can be added and order by Ascending/Descending"]]>
              </value>
            </param>
            <param index="1">
              <value>
                <![CDATA["Demo BNZ Portal Page Feature"]]>
              </value>
            </param>
          </params>
          <reporter-output>
          </reporter-output>
        </test-method> <!-- runScenario -->
        <test-method signature="runScenario(io.cucumber.testng.PickleWrapper,io.cucumber.testng.FeatureWrapper)[pri:0, instance:CucumberOptions.TestRunner@4c163e3]" started-at="2022-07-31T16:47:05 NZST" name="runScenario" description="Runs Cucumber Scenarios" data-provider="scenarios" finished-at="2022-07-31T16:47:12 NZST" duration-ms="7158" status="PASS">
          <params>
            <param index="0">
              <value>
                <![CDATA["Verify Payment can be completed successfully"]]>
              </value>
            </param>
            <param index="1">
              <value>
                <![CDATA["Demo BNZ Portal Page Feature"]]>
              </value>
            </param>
          </params>
          <reporter-output>
          </reporter-output>
        </test-method> <!-- runScenario -->
        <test-method is-config="true" signature="tearDownClass()[pri:0, instance:CucumberOptions.TestRunner@4c163e3]" started-at="2022-07-31T16:47:12 NZST" name="tearDownClass" finished-at="2022-07-31T16:47:12 NZST" duration-ms="126" status="PASS">
          <reporter-output>
          </reporter-output>
        </test-method> <!-- tearDownClass -->
      </class> <!-- CucumberOptions.TestRunner -->
    </test> <!-- DemoBNZPortal -->
  </suite> <!-- Suite -->
</testng-results>
